<?xml version="1.0" encoding="UTF-8"?>
<!-- Generated by org.testng.reporters.JUnitXMLReporter -->
<testsuite hostname="slc14xse" name="TestSet_Gmail" tests="7" failures="0" timestamp="23 May 2019 09:14:34 GMT" time="4033.259" errors="0">
  <testcase name="testMethod" time="277.118" classname="TestCases.Gmail.PreReq_01"/>
  <testcase name="testMethod" time="555.592" classname="TestCases.Gmail.PreReq_02"/>
  <testcase name="f" time="1304.878" classname="TestCases.Gmail.PreReq_03"/>
  <testcase name="testMethod" time="474.754" classname="TestCases.Gmail.TestCase_02"/>
  <testcase name="testMethod" time="635.247" classname="TestCases.Gmail.TestCase_04"/>
  <testcase name="testMethod" time="463.564" classname="TestCases.Gmail.TestCase_08"/>
  <testcase name="testMethod" time="282.955" classname="TestCases.Gmail.TestCase_10"/>
</testsuite> <!-- TestSet_Gmail -->
