<?xml version="1.0" encoding="UTF-8"?>
<!-- Generated by org.testng.reporters.JUnitXMLReporter -->
<testsuite hostname="slc14xse" name="TestSet_PRM" tests="3" failures="3" timestamp="23 May 2019 05:38:28 GMT" time="20.255" errors="0">
  <testcase name="f" time="0.161" classname="TestCases.PRM.Test10">
    <failure type="java.lang.NullPointerException">
      <![CDATA[java.lang.NullPointerException
	at Utilities.FileUtilities.xpath(FileUtilities.java:108)
	at Helper.HelperFunctions.getXpath(HelperFunctions.java:214)
	at Helper.HelperFunctions.type(HelperFunctions.java:190)
	at TestCases.PRM.Test10.f(Test10.java:18)
	at java.util.concurrent.FutureTask.run(FutureTask.java:266)
	at java.util.concurrent.ThreadPoolExecutor.runWorker(ThreadPoolExecutor.java:1149)
	at java.util.concurrent.ThreadPoolExecutor$Worker.run(ThreadPoolExecutor.java:624)
	at java.lang.Thread.run(Thread.java:748)
... Removed 16 stack frames]]>
    </failure>
  </testcase> <!-- f -->
  <testcase name="f" time="0.031" classname="TestCases.PRM.Test11">
    <failure type="java.lang.NullPointerException">
      <![CDATA[java.lang.NullPointerException
	at Utilities.FileUtilities.xpath(FileUtilities.java:108)
	at Helper.HelperFunctions.getXpath(HelperFunctions.java:214)
	at Helper.HelperFunctions.type(HelperFunctions.java:190)
	at TestCases.PRM.Test11.f(Test11.java:16)
	at java.util.concurrent.FutureTask.run(FutureTask.java:266)
	at java.util.concurrent.ThreadPoolExecutor.runWorker(ThreadPoolExecutor.java:1149)
	at java.util.concurrent.ThreadPoolExecutor$Worker.run(ThreadPoolExecutor.java:624)
	at java.lang.Thread.run(Thread.java:748)
... Removed 16 stack frames]]>
    </failure>
  </testcase> <!-- f -->
  <testcase name="f" time="0.03" classname="TestCases.PRM.Test12">
    <failure type="java.lang.NullPointerException">
      <![CDATA[java.lang.NullPointerException
	at Utilities.FileUtilities.xpath(FileUtilities.java:108)
	at Helper.HelperFunctions.getXpath(HelperFunctions.java:214)
	at Helper.HelperFunctions.type(HelperFunctions.java:190)
	at TestCases.PRM.Test12.f(Test12.java:16)
	at java.util.concurrent.FutureTask.run(FutureTask.java:266)
	at java.util.concurrent.ThreadPoolExecutor.runWorker(ThreadPoolExecutor.java:1149)
	at java.util.concurrent.ThreadPoolExecutor$Worker.run(ThreadPoolExecutor.java:624)
	at java.lang.Thread.run(Thread.java:748)
... Removed 16 stack frames]]>
    </failure>
  </testcase> <!-- f -->
</testsuite> <!-- TestSet_PRM -->
