<?xml version="1.0" encoding="UTF-8"?>
<testng-results skipped="0" failed="0" total="1" passed="1">
  <reporter-output>
  </reporter-output>
  <suite name="Suite" duration-ms="4034944" started-at="2019-05-23T08:07:20Z" finished-at="2019-05-23T09:14:35Z">
    <groups>
    </groups>
    <test name="Test" duration-ms="4034944" started-at="2019-05-23T08:07:20Z" finished-at="2019-05-23T09:14:35Z">
      <class name="TestEngine.XmlGenerator">
        <test-method status="PASS" signature="xmlCreate()[pri:0, instance:TestEngine.XmlGenerator@589838eb]" name="xmlCreate" duration-ms="4034912" started-at="2019-05-23T02:07:20Z" finished-at="2019-05-23T03:14:35Z">
          <reporter-output>
          </reporter-output>
        </test-method> <!-- xmlCreate -->
      </class> <!-- TestEngine.XmlGenerator -->
    </test> <!-- Test -->
  </suite> <!-- Suite -->
</testng-results>
